<?xml version="1.0" encoding="UTF-8"?>
<!-- Generated by org.testng.reporters.JUnitReportReporter -->
<testsuite skipped="0" hostname="LAPTOP-O182S98G" name="com.newMavenProject.SuiteA.TC_001" tests="1" failures="0" timestamp="26 May 2020 19:43:55 GMT" time="0.009" errors="0">
  <testcase name="f" time="0.009" classname="com.newMavenProject.SuiteA.TC_001"/>
</testsuite> <!-- com.newMavenProject.SuiteA.TC_001 -->
