<?xml version="1.0" encoding="UTF-8"?>
<!-- Generated by org.testng.reporters.JUnitReportReporter -->
<testsuite skipped="1" hostname="LAPTOP-O182S98G" name="com.newMavenProject.SuiteA.LoginTest" tests="2" failures="0" timestamp="30 May 2020 22:48:11 GMT" time="0.032" errors="0">
  <testcase name="loginTest" time="0.030" classname="com.newMavenProject.SuiteA.LoginTest"/>
  <testcase name="loginTest" time="0.002" classname="com.newMavenProject.SuiteA.LoginTest">
    <skipped/>
  </testcase> <!-- loginTest -->
</testsuite> <!-- com.newMavenProject.SuiteA.LoginTest -->
