<?xml version="1.0" encoding="UTF-8"?>
<!-- Generated by org.testng.reporters.JUnitReportReporter -->
<testsuite skipped="0" hostname="LAPTOP-O182S98G" name="com.newMavenProject.SuiteB.TestA" tests="1" failures="0" timestamp="30 May 2020 14:55:13 GMT" time="0.005" errors="0">
  <testcase name="f" time="0.005" classname="com.newMavenProject.SuiteB.TestA"/>
</testsuite> <!-- com.newMavenProject.SuiteB.TestA -->
